{"/Users/mindybarrs/Documents/Code Improvements/weatherApp/React-WeatherApp/src/App.js": {"path":"/Users/mindybarrs/Documents/Code Improvements/weatherApp/React-WeatherApp/src/App.js","statementMap":{"0":{"start":{"line":5,"column":12},"end":{"line":11,"column":1}},"1":{"start":{"line":6,"column":1},"end":{"line":10,"column":3}}},"fnMap":{"0":{"name":"(anonymous_0)","decl":{"start":{"line":5,"column":12},"end":{"line":5,"column":13}},"loc":{"start":{"line":5,"column":18},"end":{"line":11,"column":1}},"line":5}},"branchMap":{},"s":{"0":1,"1":1},"f":{"0":1},"b":{},"_coverageSchema":"1a1c01bbd47fc00a2c39e90264f33305004495a9","hash":"f60e5112e5a42a77b9be3a33d0cf4d9260abb7e6"}
,"/Users/mindybarrs/Documents/Code Improvements/weatherApp/React-WeatherApp/src/index.js": {"path":"/Users/mindybarrs/Documents/Code Improvements/weatherApp/React-WeatherApp/src/index.js","statementMap":{"0":{"start":{"line":5,"column":18},"end":{"line":5,"column":49}},"1":{"start":{"line":6,"column":13},"end":{"line":6,"column":34}},"2":{"start":{"line":8,"column":0},"end":{"line":8,"column":21}}},"fnMap":{},"branchMap":{},"s":{"0":0,"1":0,"2":0},"f":{},"b":{}}
,"/Users/mindybarrs/Documents/Code Improvements/weatherApp/React-WeatherApp/src/components/Search/Search.jsx": {"path":"/Users/mindybarrs/Documents/Code Improvements/weatherApp/React-WeatherApp/src/components/Search/Search.jsx","statementMap":{"0":{"start":{"line":3,"column":15},"end":{"line":5,"column":1}},"1":{"start":{"line":4,"column":1},"end":{"line":4,"column":42}}},"fnMap":{"0":{"name":"(anonymous_0)","decl":{"start":{"line":3,"column":15},"end":{"line":3,"column":16}},"loc":{"start":{"line":3,"column":21},"end":{"line":5,"column":1}},"line":3}},"branchMap":{},"s":{"0":1,"1":1},"f":{"0":1},"b":{},"_coverageSchema":"1a1c01bbd47fc00a2c39e90264f33305004495a9","hash":"2151cc754da14158bc14303b27cca0cba3ac02c4"}
,"/Users/mindybarrs/Documents/Code Improvements/weatherApp/React-WeatherApp/src/components/Search/index.jsx": {"path":"/Users/mindybarrs/Documents/Code Improvements/weatherApp/React-WeatherApp/src/components/Search/index.jsx","statementMap":{},"fnMap":{},"branchMap":{},"s":{},"f":{},"b":{},"_coverageSchema":"1a1c01bbd47fc00a2c39e90264f33305004495a9","hash":"589e6777b7ca08b05bbc008ea805f356e366d3ad"}
}
